<?xml version="1.0" encoding="UTF-8"?>
<!-- Generated by org.testng.reporters.JUnitXMLReporter -->
<testsuite hostname="DESKTOP-D3AR52B" name="Default test" tests="9" failures="0" timestamp="26 Mar 2020 08:26:15 GMT" time="12.519" errors="0">
  <testcase name="deleteResource1Test" time="4.143" classname="restAsuured.RestAssuredMethodsTest"/>
  <testcase name="getAllDetails" time="0.953" classname="restAsuured.RestAssuredMethodsTest"/>
  <testcase name="getUnavailableResourceDetail" time="0.943" classname="restAsuured.RestAssuredMethodsTest"/>
  <testcase name="postDuplicateResources" time="1.156" classname="restAsuured.RestAssuredMethodsTest"/>
  <testcase name="getOneDetail" time="0.562" classname="restAsuured.RestAssuredMethodsTest"/>
  <testcase name="postResources" time="1.315" classname="restAsuured.RestAssuredMethodsTest"/>
  <testcase name="patchResources" time="1.056" classname="restAsuured.RestAssuredMethodsTest"/>
  <testcase name="putResources" time="0.984" classname="restAsuured.RestAssuredMethodsTest"/>
  <testcase name="deleteResourceTest" time="1.344" classname="restAsuured.RestAssuredMethodsTest"/>
</testsuite> <!-- Default test -->
